Using pre-set license
Built from '2021.3/staging' branch; Version is '2021.3.18f1 (3129e69bc0c7) revision 3221990'; Using compiler version '192829333'; Build Type 'Release'
OS: 'Windows 10  (10.0.19044) 64bit Core' Language: 'en' Physical Memory: 16221 MB
BatchMode: 1, IsHumanControllingUs: 0, StartBugReporterOnCrash: 0, Is64bit: 1, IsPro: 1

COMMAND LINE ARGUMENTS:
C:\Program Files\Unity\Editor\2021.3.18f1\Unity 2021.3.18f1\Editor\Unity.exe
-adb2
-batchMode
-noUpm
-name
AssetImportWorker1
-projectPath
C:/Users/arjay/Documents/GitHub/2.5D-GAMEDEV
-logFile
Logs/AssetImportWorker1.log
-srvPort
51342
Successfully changed project path to: C:/Users/arjay/Documents/GitHub/2.5D-GAMEDEV
C:/Users/arjay/Documents/GitHub/2.5D-GAMEDEV
[UnityMemory] Configuration Parameters - Can be set up in boot.config
    "memorysetup-bucket-allocator-granularity=16"
    "memorysetup-bucket-allocator-bucket-count=8"
    "memorysetup-bucket-allocator-block-size=33554432"
    "memorysetup-bucket-allocator-block-count=8"
    "memorysetup-main-allocator-block-size=16777216"
    "memorysetup-thread-allocator-block-size=16777216"
    "memorysetup-gfx-main-allocator-block-size=16777216"
    "memorysetup-gfx-thread-allocator-block-size=16777216"
    "memorysetup-cache-allocator-block-size=4194304"
    "memorysetup-typetree-allocator-block-size=2097152"
    "memorysetup-profiler-bucket-allocator-granularity=16"
    "memorysetup-profiler-bucket-allocator-bucket-count=8"
    "memorysetup-profiler-bucket-allocator-block-size=33554432"
    "memorysetup-profiler-bucket-allocator-block-count=8"
    "memorysetup-profiler-allocator-block-size=16777216"
    "memorysetup-profiler-editor-allocator-block-size=1048576"
    "memorysetup-temp-allocator-size-main=16777216"
    "memorysetup-job-temp-allocator-block-size=2097152"
    "memorysetup-job-temp-allocator-block-size-background=1048576"
    "memorysetup-job-temp-allocator-reduction-small-platforms=262144"
    "memorysetup-temp-allocator-size-background-worker=32768"
    "memorysetup-temp-allocator-size-job-worker=262144"
    "memorysetup-temp-allocator-size-preload-manager=33554432"
    "memorysetup-temp-allocator-size-nav-mesh-worker=65536"
    "memorysetup-temp-allocator-size-audio-worker=65536"
    "memorysetup-temp-allocator-size-cloud-worker=32768"
    "memorysetup-temp-allocator-size-gi-baking-worker=262144"
    "memorysetup-temp-allocator-size-gfx=262144"
Player connection [2316] Host "[IP] 192.168.1.16 [Port] 0 [Flags] 2 [Guid] 1036240790 [EditorId] 1036240790 [Version] 1048832 [Id] WindowsEditor(7,LAPTOP-EHKJ436O) [Debug] 1 [PackageName] WindowsEditor [ProjectName] Editor" joined multi-casting on [225.0.0.222:54997]...

Player connection [2316] Host "[IP] 192.168.1.16 [Port] 0 [Flags] 2 [Guid] 1036240790 [EditorId] 1036240790 [Version] 1048832 [Id] WindowsEditor(7,LAPTOP-EHKJ436O) [Debug] 1 [PackageName] WindowsEditor [ProjectName] Editor" joined alternative multi-casting on [225.0.0.222:34997]...

Refreshing native plugins compatible for Editor in 154.93 ms, found 3 plugins.
Preloading 0 native plugins for Editor in 0.00 ms.
Initialize engine version: 2021.3.18f1 (3129e69bc0c7)
[Subsystems] Discovering subsystems at path C:/Program Files/Unity/Editor/2021.3.18f1/Unity 2021.3.18f1/Editor/Data/Resources/UnitySubsystems
[Subsystems] Discovering subsystems at path C:/Users/arjay/Documents/GitHub/2.5D-GAMEDEV/Assets
GfxDevice: creating device client; threaded=0; jobified=0
Direct3D:
    Version:  Direct3D 11.0 [level 11.1]
    Renderer: NVIDIA GeForce RTX 2060 (ID=0x1f15)
    Vendor:   NVIDIA
    VRAM:     5980 MB
    Driver:   30.0.14.7212
Initialize mono
Mono path[0] = 'C:/Program Files/Unity/Editor/2021.3.18f1/Unity 2021.3.18f1/Editor/Data/Managed'
Mono path[1] = 'C:/Program Files/Unity/Editor/2021.3.18f1/Unity 2021.3.18f1/Editor/Data/MonoBleedingEdge/lib/mono/unityjit-win32'
Mono config path = 'C:/Program Files/Unity/Editor/2021.3.18f1/Unity 2021.3.18f1/Editor/Data/MonoBleedingEdge/etc'
Using monoOptions --debugger-agent=transport=dt_socket,embedding=1,server=y,suspend=n,address=127.0.0.1:56880
Begin MonoManager ReloadAssembly
Registering precompiled unity dll's ...
Register platform support module: C:/Program Files/Unity/Editor/2021.3.18f1/Unity 2021.3.18f1/Editor/Data/PlaybackEngines/WindowsStandaloneSupport/UnityEditor.WindowsStandalone.Extensions.dll
Registered in 0.015649 seconds.
Native extension for WindowsStandalone target not found
Refreshing native plugins compatible for Editor in 155.00 ms, found 3 plugins.
Preloading 0 native plugins for Editor in 0.00 ms.
Mono: successfully reloaded assembly
- Completed reload, in  1.317 seconds
Domain Reload Profiling:
	ReloadAssembly (1318ms)
		BeginReloadAssembly (226ms)
			ExecutionOrderSort (0ms)
			DisableScriptedObjects (0ms)
			BackupInstance (0ms)
			ReleaseScriptingObjects (0ms)
			CreateAndSetChildDomain (1ms)
		EndReloadAssembly (862ms)
			LoadAssemblies (221ms)
			RebuildTransferFunctionScriptingTraits (0ms)
			SetupTypeCache (195ms)
			ReleaseScriptCaches (0ms)
			RebuildScriptCaches (48ms)
			SetupLoadedEditorAssemblies (521ms)
				LogAssemblyErrors (0ms)
				InitializePlatformSupportModulesInManaged (14ms)
				SetLoadedEditorAssemblies (0ms)
				RefreshPlugins (155ms)
				BeforeProcessingInitializeOnLoad (2ms)
				ProcessInitializeOnLoadAttributes (260ms)
				ProcessInitializeOnLoadMethodAttributes (89ms)
				AfterProcessingInitializeOnLoad (0ms)
				EditorAssembliesLoaded (0ms)
			ExecutionOrderSort2 (0ms)
			AwakeInstancesAfterBackupRestoration (0ms)
Platform modules already initialized, skipping
Registering precompiled user dll's ...
Registered in 0.012368 seconds.
Begin MonoManager ReloadAssembly
Symbol file LoadedFromMemory doesn't match image C:\Users\arjay\Documents\GitHub\2.5D-GAMEDEV\Library\PackageCache\com.unity.visualscripting@1.8.0\Editor\VisualScripting.Core\Dependencies\YamlDotNet\Unity.VisualScripting.YamlDotNet.dll
Symbol file LoadedFromMemory doesn't match image C:\Users\arjay\Documents\GitHub\2.5D-GAMEDEV\Library\PackageCache\com.unity.visualscripting@1.8.0\Editor\VisualScripting.Core\Dependencies\DotNetZip\Unity.VisualScripting.IonicZip.dll
Native extension for WindowsStandalone target not found
Refreshing native plugins compatible for Editor in 153.80 ms, found 3 plugins.
Preloading 0 native plugins for Editor in 0.00 ms.
Mono: successfully reloaded assembly
- Completed reload, in  2.156 seconds
Domain Reload Profiling:
	ReloadAssembly (2158ms)
		BeginReloadAssembly (206ms)
			ExecutionOrderSort (0ms)
			DisableScriptedObjects (12ms)
			BackupInstance (0ms)
			ReleaseScriptingObjects (0ms)
			CreateAndSetChildDomain (33ms)
		EndReloadAssembly (1756ms)
			LoadAssemblies (162ms)
			RebuildTransferFunctionScriptingTraits (0ms)
			SetupTypeCache (514ms)
			ReleaseScriptCaches (1ms)
			RebuildScriptCaches (102ms)
			SetupLoadedEditorAssemblies (915ms)
				LogAssemblyErrors (0ms)
				InitializePlatformSupportModulesInManaged (9ms)
				SetLoadedEditorAssemblies (0ms)
				RefreshPlugins (154ms)
				BeforeProcessingInitializeOnLoad (184ms)
				ProcessInitializeOnLoadAttributes (435ms)
				ProcessInitializeOnLoadMethodAttributes (113ms)
				AfterProcessingInitializeOnLoad (20ms)
				EditorAssembliesLoaded (0ms)
			ExecutionOrderSort2 (0ms)
			AwakeInstancesAfterBackupRestoration (14ms)
Platform modules already initialized, skipping
========================================================================
Worker process is ready to serve import requests
Launched and connected shader compiler UnityShaderCompiler.exe after 0.11 seconds
Refreshing native plugins compatible for Editor in 1.47 ms, found 3 plugins.
Preloading 0 native plugins for Editor in 0.00 ms.
Unloading 4212 Unused Serialized files (Serialized files now loaded: 0)
Unloading 36 unused Assets / (388.3 KB). Loaded Objects now: 4695.
Memory consumption went from 166.3 MB to 166.0 MB.
Total: 4.548700 ms (FindLiveObjects: 0.433400 ms CreateObjectMapping: 0.399300 ms MarkObjects: 3.612900 ms  DeleteObjects: 0.102100 ms)

AssetImportParameters requested are different than current active one (requested -> active):
  custom:video-decoder-ogg-theora: a1e56fd34408186e4bbccfd4996cb3dc -> 
  custom:container-muxer-webm: aa71ff27fc2769a1b78a27578f13a17b -> 
  custom:container-demuxer-webm: 4f35f7cbe854078d1ac9338744f61a02 -> 
  custom:video-encoder-webm-vp8: eb34c28f22e8b96e1ab97ce403110664 -> 
  custom:audio-encoder-webm-vorbis: bf7c407c2cedff20999df2af8eb42d56 -> 
  custom:framework-win-MediaFoundation: 216162199b28c13a410421893ffa2e32 -> 
  custom:container-demuxer-ogg: 62fdf1f143b41e24485cea50d1cbac27 -> 
  custom:video-decoder-webm-vp8: 9c59270c3fd7afecdb556c50c9e8de78 -> 
  custom:audio-decoder-ogg-vorbis: bf7c407c2cedff20999df2af8eb42d56 -> 
========================================================================
Received Import Request.
  Time since last request: 879902.323349 seconds.
  path: Assets/BeetleHealthMT.png
  artifactKey: Guid(3b335a3ee7b76704f8d55a27d47c356d) Importer(815301076,1909f56bfc062723c751e8b465ee728b)
Start importing Assets/BeetleHealthMT.png using Guid(3b335a3ee7b76704f8d55a27d47c356d) Importer(815301076,1909f56bfc062723c751e8b465ee728b)  -> (artifact id: '1afa27a509b696b515c153419ae80163') in 0.227875 seconds 
========================================================================
Received Import Request.
  Time since last request: 47.943588 seconds.
  path: Assets/Art/Textures/reversev2 - Copy.mat
  artifactKey: Guid(4386c8da8abe20644a3d24b0add87ebb) Importer(815301076,1909f56bfc062723c751e8b465ee728b)
Start importing Assets/Art/Textures/reversev2 - Copy.mat using Guid(4386c8da8abe20644a3d24b0add87ebb) Importer(815301076,1909f56bfc062723c751e8b465ee728b)  -> (artifact id: '4cfc3134b70e95572f67c3a6aca09e4b') in 0.080381 seconds 
========================================================================
Received Import Request.
  Time since last request: 0.000033 seconds.
  path: Assets/Art/Textures/woodTexture 1.png
  artifactKey: Guid(3ade2bd24f1f4d84b88257756b09dd24) Importer(815301076,1909f56bfc062723c751e8b465ee728b)
Start importing Assets/Art/Textures/woodTexture 1.png using Guid(3ade2bd24f1f4d84b88257756b09dd24) Importer(815301076,1909f56bfc062723c751e8b465ee728b)  -> (artifact id: 'abe2024652a7cff1a88dca3c6f14b49d') in 0.033997 seconds 
========================================================================
Received Import Request.
  Time since last request: 0.000024 seconds.
  path: Assets/Art/Textures/tx_spikeFlower.png
  artifactKey: Guid(64c8829912cf4514c9cf19878bc82b61) Importer(815301076,1909f56bfc062723c751e8b465ee728b)
Start importing Assets/Art/Textures/tx_spikeFlower.png using Guid(64c8829912cf4514c9cf19878bc82b61) Importer(815301076,1909f56bfc062723c751e8b465ee728b)  -> (artifact id: '47abbd81c832e3f50c97279b5843c883') in 0.040138 seconds 
========================================================================
Received Import Request.
  Time since last request: 0.000035 seconds.
  path: Assets/Art/Textures/texture4_reverse.mat
  artifactKey: Guid(d6895e99744962a439af3587ac3c35ed) Importer(815301076,1909f56bfc062723c751e8b465ee728b)
Start importing Assets/Art/Textures/texture4_reverse.mat using Guid(d6895e99744962a439af3587ac3c35ed) Importer(815301076,1909f56bfc062723c751e8b465ee728b)  -> (artifact id: 'aa8cadf50a15f918d2dd9e24342465c9') in 0.026785 seconds 
========================================================================
Received Import Request.
  Time since last request: 0.000033 seconds.
  path: Assets/Art/Textures/tx_2pMushroomV2.mat
  artifactKey: Guid(7b3a31cafa001a4429919753ecbbf6c6) Importer(815301076,1909f56bfc062723c751e8b465ee728b)
Start importing Assets/Art/Textures/tx_2pMushroomV2.mat using Guid(7b3a31cafa001a4429919753ecbbf6c6) Importer(815301076,1909f56bfc062723c751e8b465ee728b)  -> (artifact id: 'd2ceb6c2a744c1e06764ac3424173b43') in 0.030047 seconds 
========================================================================
Received Import Request.
  Time since last request: 0.000022 seconds.
  path: Assets/Art/Textures/reversev2.mat
  artifactKey: Guid(3a2e31c1406027a48801a1f6490d36c0) Importer(815301076,1909f56bfc062723c751e8b465ee728b)
Start importing Assets/Art/Textures/reversev2.mat using Guid(3a2e31c1406027a48801a1f6490d36c0) Importer(815301076,1909f56bfc062723c751e8b465ee728b)  -> (artifact id: 'd56a1fee225a5e68b0b2000e1cbf93cc') in 0.026694 seconds 
========================================================================
Received Import Request.
  Time since last request: 0.000065 seconds.
  path: Assets/Art/Textures/tx_pMushroom2.mat
  artifactKey: Guid(6b2d0f5c06f48344c9999a984c8d3e9e) Importer(815301076,1909f56bfc062723c751e8b465ee728b)
Start importing Assets/Art/Textures/tx_pMushroom2.mat using Guid(6b2d0f5c06f48344c9999a984c8d3e9e) Importer(815301076,1909f56bfc062723c751e8b465ee728b)  -> (artifact id: '07cf501bd081d273ab707c40388bdcba') in 0.030006 seconds 
========================================================================
Received Import Request.
  Time since last request: 0.000038 seconds.
  path: Assets/Art/Textures/woodTexture 1.mat
  artifactKey: Guid(2a2aa767f4ec80f4883a00f303d52816) Importer(815301076,1909f56bfc062723c751e8b465ee728b)
Start importing Assets/Art/Textures/woodTexture 1.mat using Guid(2a2aa767f4ec80f4883a00f303d52816) Importer(815301076,1909f56bfc062723c751e8b465ee728b)  -> (artifact id: '410e9399ed057c11b0fe750d9a1e58a1') in 0.021981 seconds 
========================================================================
Received Import Request.
  Time since last request: 0.000059 seconds.
  path: Assets/Art/Textures/tx_Milk.mat
  artifactKey: Guid(8c3b8b9cb22866a4c9192fa8b005dfa8) Importer(815301076,1909f56bfc062723c751e8b465ee728b)
Start importing Assets/Art/Textures/tx_Milk.mat using Guid(8c3b8b9cb22866a4c9192fa8b005dfa8) Importer(815301076,1909f56bfc062723c751e8b465ee728b)  -> (artifact id: '0c2c74042af858f474433c8ad12437b1') in 0.023040 seconds 
========================================================================
Received Import Request.
  Time since last request: 7.674564 seconds.
  path: Assets/Art/Materials/texture8.png
  artifactKey: Guid(6ecb6ffa2b2d1af46864bf9bc77db5ac) Importer(815301076,1909f56bfc062723c751e8b465ee728b)
Start importing Assets/Art/Materials/texture8.png using Guid(6ecb6ffa2b2d1af46864bf9bc77db5ac) Importer(815301076,1909f56bfc062723c751e8b465ee728b)  -> (artifact id: 'b75ce4abeac8cb2057fc4c73bd8d1e87') in 0.024680 seconds 
========================================================================
Received Import Request.
  Time since last request: 0.000019 seconds.
  path: Assets/Art/Materials/woodTexture 1.png
  artifactKey: Guid(2632021c143232847ad10d27c478278e) Importer(815301076,1909f56bfc062723c751e8b465ee728b)
Start importing Assets/Art/Materials/woodTexture 1.png using Guid(2632021c143232847ad10d27c478278e) Importer(815301076,1909f56bfc062723c751e8b465ee728b)  -> (artifact id: '22a1acbf6adb91eacaf31668741be697') in 0.013844 seconds 
========================================================================
Received Import Request.
  Time since last request: 0.000039 seconds.
  path: Assets/Art/Materials/tx_Sign.png
  artifactKey: Guid(263372014e7635b4ab8bdfbdfef8a39c) Importer(815301076,1909f56bfc062723c751e8b465ee728b)
Start importing Assets/Art/Materials/tx_Sign.png using Guid(263372014e7635b4ab8bdfbdfef8a39c) Importer(815301076,1909f56bfc062723c751e8b465ee728b)  -> (artifact id: '562d05452578a42717aa61ab065645fc') in 0.013970 seconds 
========================================================================
Received Import Request.
  Time since last request: 0.000025 seconds.
  path: Assets/Art/Materials/tx_pMushroom2.png
  artifactKey: Guid(060927696a2f47546861212053f06ce3) Importer(815301076,1909f56bfc062723c751e8b465ee728b)
Start importing Assets/Art/Materials/tx_pMushroom2.png using Guid(060927696a2f47546861212053f06ce3) Importer(815301076,1909f56bfc062723c751e8b465ee728b)  -> (artifact id: '8fbed413ba77e5c589704399e80978c7') in 0.018843 seconds 
========================================================================
Received Import Request.
  Time since last request: 0.000041 seconds.
  path: Assets/Art/Materials/tx_Stem.png
  artifactKey: Guid(264d287a373026a44bc26257c798d15e) Importer(815301076,1909f56bfc062723c751e8b465ee728b)
Start importing Assets/Art/Materials/tx_Stem.png using Guid(264d287a373026a44bc26257c798d15e) Importer(815301076,1909f56bfc062723c751e8b465ee728b)  -> (artifact id: 'ab61ee702ef8aa314b892d644443fc95') in 0.017548 seconds 
========================================================================
Received Import Request.
  Time since last request: 69.469639 seconds.
  path: Assets/Art/Player/beterwalksprites.png
  artifactKey: Guid(b3be20f9e7cda994bbfa37416b70c835) Importer(815301076,1909f56bfc062723c751e8b465ee728b)
Start importing Assets/Art/Player/beterwalksprites.png using Guid(b3be20f9e7cda994bbfa37416b70c835) Importer(815301076,1909f56bfc062723c751e8b465ee728b)  -> (artifact id: 'fefa7bf757a87e9b8cb49d0258d23c2a') in 0.091908 seconds 
========================================================================
Received Import Request.
  Time since last request: 0.000030 seconds.
  path: Assets/Art/Player/SpriteShadowMaterial.mat
  artifactKey: Guid(ee5a19cad5927cc4cb1c284149463479) Importer(815301076,1909f56bfc062723c751e8b465ee728b)
Start importing Assets/Art/Player/SpriteShadowMaterial.mat using Guid(ee5a19cad5927cc4cb1c284149463479) Importer(815301076,1909f56bfc062723c751e8b465ee728b)  -> (artifact id: '76a9b3f1235fa3d9c0eadc3636fd5380') in 0.185963 seconds 
