Using pre-set license
Built from '2021.3/staging' branch; Version is '2021.3.2f1 (d6360bedb9a0) revision 14038539'; Using compiler version '192829333'; Build Type 'Release'
OS: 'Windows 11  (10.0.22621) 64bit Core' Language: 'en' Physical Memory: 16155 MB
BatchMode: 1, IsHumanControllingUs: 0, StartBugReporterOnCrash: 0, Is64bit: 1, IsPro: 1

COMMAND LINE ARGUMENTS:
C:\Program Files\Unity\Hub\Editor\2021.3.2f1\Editor\Unity.exe
-adb2
-batchMode
-noUpm
-name
AssetImportWorker0
-projectPath
C:/Users/jacd7/Documents/GitHub/2.5D-GAMEDEV
-logFile
Logs/AssetImportWorker0.log
-srvPort
49877
Successfully changed project path to: C:/Users/jacd7/Documents/GitHub/2.5D-GAMEDEV
C:/Users/jacd7/Documents/GitHub/2.5D-GAMEDEV
[UnityMemory] Configuration Parameters - Can be set up in boot.config
    "memorysetup-bucket-allocator-granularity=16"
    "memorysetup-bucket-allocator-bucket-count=8"
    "memorysetup-bucket-allocator-block-size=33554432"
    "memorysetup-bucket-allocator-block-count=8"
    "memorysetup-main-allocator-block-size=16777216"
    "memorysetup-thread-allocator-block-size=16777216"
    "memorysetup-gfx-main-allocator-block-size=16777216"
    "memorysetup-gfx-thread-allocator-block-size=16777216"
    "memorysetup-cache-allocator-block-size=4194304"
    "memorysetup-typetree-allocator-block-size=2097152"
    "memorysetup-profiler-bucket-allocator-granularity=16"
    "memorysetup-profiler-bucket-allocator-bucket-count=8"
    "memorysetup-profiler-bucket-allocator-block-size=33554432"
    "memorysetup-profiler-bucket-allocator-block-count=8"
    "memorysetup-profiler-allocator-block-size=16777216"
    "memorysetup-profiler-editor-allocator-block-size=1048576"
    "memorysetup-temp-allocator-size-main=16777216"
    "memorysetup-job-temp-allocator-block-size=2097152"
    "memorysetup-job-temp-allocator-block-size-background=1048576"
    "memorysetup-job-temp-allocator-reduction-small-platforms=262144"
    "memorysetup-temp-allocator-size-background-worker=32768"
    "memorysetup-temp-allocator-size-job-worker=262144"
    "memorysetup-temp-allocator-size-preload-manager=33554432"
    "memorysetup-temp-allocator-size-nav-mesh-worker=65536"
    "memorysetup-temp-allocator-size-audio-worker=65536"
    "memorysetup-temp-allocator-size-cloud-worker=32768"
    "memorysetup-temp-allocator-size-gi-baking-worker=262144"
    "memorysetup-temp-allocator-size-gfx=262144"
Refreshing native plugins compatible for Editor in 60.22 ms, found 3 plugins.
Preloading 0 native plugins for Editor in 0.00 ms.
Initialize engine version: 2021.3.2f1 (d6360bedb9a0)
[Subsystems] Discovering subsystems at path C:/Program Files/Unity/Hub/Editor/2021.3.2f1/Editor/Data/Resources/UnitySubsystems
[Subsystems] Discovering subsystems at path C:/Users/jacd7/Documents/GitHub/2.5D-GAMEDEV/Assets
GfxDevice: creating device client; threaded=0; jobified=0
Direct3D:
    Version:  Direct3D 11.0 [level 11.1]
    Renderer: NVIDIA GeForce RTX 3070 (ID=0x2484)
    Vendor:   NVIDIA
    VRAM:     8032 MB
    Driver:   31.0.15.2698
Initialize mono
Mono path[0] = 'C:/Program Files/Unity/Hub/Editor/2021.3.2f1/Editor/Data/Managed'
Mono path[1] = 'C:/Program Files/Unity/Hub/Editor/2021.3.2f1/Editor/Data/MonoBleedingEdge/lib/mono/unityjit-win32'
Mono config path = 'C:/Program Files/Unity/Hub/Editor/2021.3.2f1/Editor/Data/MonoBleedingEdge/etc'
Using monoOptions --debugger-agent=transport=dt_socket,embedding=1,server=y,suspend=n,address=127.0.0.1:56836
Begin MonoManager ReloadAssembly
Registering precompiled unity dll's ...
Register platform support module: C:/Program Files/Unity/Hub/Editor/2021.3.2f1/Editor/Data/PlaybackEngines/WindowsStandaloneSupport/UnityEditor.WindowsStandalone.Extensions.dll
Registered in 0.005091 seconds.
Native extension for WindowsStandalone target not found
Refreshing native plugins compatible for Editor in 61.37 ms, found 3 plugins.
Preloading 0 native plugins for Editor in 0.00 ms.
Mono: successfully reloaded assembly
- Completed reload, in  0.613 seconds
Domain Reload Profiling:
	ReloadAssembly (614ms)
		BeginReloadAssembly (81ms)
			ExecutionOrderSort (0ms)
			DisableScriptedObjects (0ms)
			BackupInstance (0ms)
			ReleaseScriptingObjects (0ms)
			CreateAndSetChildDomain (1ms)
		EndReloadAssembly (431ms)
			LoadAssemblies (79ms)
			RebuildTransferFunctionScriptingTraits (0ms)
			SetupTypeCache (116ms)
			ReleaseScriptCaches (0ms)
			RebuildScriptCaches (26ms)
			SetupLoadedEditorAssemblies (241ms)
				LogAssemblyErrors (0ms)
				InitializePlatformSupportModulesInManaged (7ms)
				SetLoadedEditorAssemblies (0ms)
				RefreshPlugins (61ms)
				BeforeProcessingInitializeOnLoad (2ms)
				ProcessInitializeOnLoadAttributes (129ms)
				ProcessInitializeOnLoadMethodAttributes (42ms)
				AfterProcessingInitializeOnLoad (0ms)
				EditorAssembliesLoaded (0ms)
			ExecutionOrderSort2 (0ms)
			AwakeInstancesAfterBackupRestoration (0ms)
Platform modules already initialized, skipping
Registering precompiled user dll's ...
Registered in 0.004708 seconds.
Begin MonoManager ReloadAssembly
Symbol file LoadedFromMemory doesn't match image C:\Users\jacd7\Documents\GitHub\2.5D-GAMEDEV\Library\PackageCache\com.unity.visualscripting@1.8.0\Editor\VisualScripting.Core\Dependencies\YamlDotNet\Unity.VisualScripting.YamlDotNet.dll
Symbol file LoadedFromMemory doesn't match image C:\Users\jacd7\Documents\GitHub\2.5D-GAMEDEV\Library\PackageCache\com.unity.visualscripting@1.8.0\Editor\VisualScripting.Core\Dependencies\DotNetZip\Unity.VisualScripting.IonicZip.dll
Native extension for WindowsStandalone target not found
Refreshing native plugins compatible for Editor in 0.42 ms, found 3 plugins.
Preloading 0 native plugins for Editor in 0.00 ms.
Mono: successfully reloaded assembly
- Completed reload, in  0.908 seconds
Domain Reload Profiling:
	ReloadAssembly (909ms)
		BeginReloadAssembly (101ms)
			ExecutionOrderSort (0ms)
			DisableScriptedObjects (5ms)
			BackupInstance (0ms)
			ReleaseScriptingObjects (0ms)
			CreateAndSetChildDomain (20ms)
		EndReloadAssembly (707ms)
			LoadAssemblies (74ms)
			RebuildTransferFunctionScriptingTraits (0ms)
			SetupTypeCache (235ms)
			ReleaseScriptCaches (1ms)
			RebuildScriptCaches (46ms)
			SetupLoadedEditorAssemblies (321ms)
				LogAssemblyErrors (0ms)
				InitializePlatformSupportModulesInManaged (5ms)
				SetLoadedEditorAssemblies (0ms)
				RefreshPlugins (0ms)
				BeforeProcessingInitializeOnLoad (67ms)
				ProcessInitializeOnLoadAttributes (219ms)
				ProcessInitializeOnLoadMethodAttributes (21ms)
				AfterProcessingInitializeOnLoad (8ms)
				EditorAssembliesLoaded (0ms)
			ExecutionOrderSort2 (0ms)
			AwakeInstancesAfterBackupRestoration (5ms)
Platform modules already initialized, skipping
========================================================================
Worker process is ready to serve import requests
Launched and connected shader compiler UnityShaderCompiler.exe after 0.04 seconds
Refreshing native plugins compatible for Editor in 0.45 ms, found 3 plugins.
Preloading 0 native plugins for Editor in 0.00 ms.
Unloading 3198 Unused Serialized files (Serialized files now loaded: 0)
Unloading 35 unused Assets / (128.9 KB). Loaded Objects now: 3659.
Memory consumption went from 113.5 MB to 113.4 MB.
Total: 2.694500 ms (FindLiveObjects: 0.260400 ms CreateObjectMapping: 0.203300 ms MarkObjects: 2.152000 ms  DeleteObjects: 0.077900 ms)

AssetImportParameters requested are different than current active one (requested -> active):
  custom:video-decoder-ogg-theora: a1e56fd34408186e4bbccfd4996cb3dc -> 
  custom:container-muxer-webm: aa71ff27fc2769a1b78a27578f13a17b -> 
  custom:container-demuxer-webm: 4f35f7cbe854078d1ac9338744f61a02 -> 
  custom:video-encoder-webm-vp8: eb34c28f22e8b96e1ab97ce403110664 -> 
  custom:video-codec-MediaFoundation-h265: 746d11721c4dcdbdad8f713fa42b33f4 -> 
  custom:audio-encoder-webm-vorbis: bf7c407c2cedff20999df2af8eb42d56 -> 
  custom:framework-win-MediaFoundation: 216162199b28c13a410421893ffa2e32 -> 
  custom:container-demuxer-ogg: 62fdf1f143b41e24485cea50d1cbac27 -> 
  custom:video-decoder-webm-vp8: 9c59270c3fd7afecdb556c50c9e8de78 -> 
  custom:audio-decoder-ogg-vorbis: bf7c407c2cedff20999df2af8eb42d56 -> 
========================================================================
Received Import Request.
  Time since last request: 257548.308517 seconds.
  path: Assets/Assets/_objMushroom2.fbx
  artifactKey: Guid(b9bac856b0339f74ba58d647a2b06f10) Importer(815301076,1909f56bfc062723c751e8b465ee728b)
Start importing Assets/Assets/_objMushroom2.fbx using Guid(b9bac856b0339f74ba58d647a2b06f10) Importer(815301076,1909f56bfc062723c751e8b465ee728b)  -> (artifact id: '029dcecc4af67f2988e3a7ccd35ddcec') in 0.168911 seconds 
========================================================================
Received Import Request.
  Time since last request: 0.000018 seconds.
  path: Assets/Assets/_objMushroom1.fbx
  artifactKey: Guid(4534ac130b56d52458b51069333b2976) Importer(815301076,1909f56bfc062723c751e8b465ee728b)
Start importing Assets/Assets/_objMushroom1.fbx using Guid(4534ac130b56d52458b51069333b2976) Importer(815301076,1909f56bfc062723c751e8b465ee728b)  -> (artifact id: '890ad39f767f558d7f3d3a2b2bae9955') in 0.015239 seconds 
========================================================================
Received Import Request.
  Time since last request: 5.132890 seconds.
  path: Assets/Assets/_expSpikeFlower.fbx
  artifactKey: Guid(7cfbcc4a79abefa47a376c008d781eb3) Importer(815301076,1909f56bfc062723c751e8b465ee728b)
Start importing Assets/Assets/_expSpikeFlower.fbx using Guid(7cfbcc4a79abefa47a376c008d781eb3) Importer(815301076,1909f56bfc062723c751e8b465ee728b)  -> (artifact id: '2e30ddbd70e89ae63ffddb8ad271d3c5') in 0.205574 seconds 
========================================================================
Received Import Request.
  Time since last request: 51.748391 seconds.
  path: Assets/Assets/_expSpikeFlower.fbx
  artifactKey: Guid(7cfbcc4a79abefa47a376c008d781eb3) Importer(815301076,1909f56bfc062723c751e8b465ee728b)
Start importing Assets/Assets/_expSpikeFlower.fbx using Guid(7cfbcc4a79abefa47a376c008d781eb3) Importer(815301076,1909f56bfc062723c751e8b465ee728b)  -> (artifact id: '9a807cad3f727a4e7e80c5b2221033ab') in 0.027245 seconds 
========================================================================
Received Import Request.
  Time since last request: 19.771536 seconds.
  path: Assets/materials/Book.mat
  artifactKey: Guid(52997c81063ae784c91b6cfcbb5081be) Importer(815301076,1909f56bfc062723c751e8b465ee728b)
Start importing Assets/materials/Book.mat using Guid(52997c81063ae784c91b6cfcbb5081be) Importer(815301076,1909f56bfc062723c751e8b465ee728b)  -> (artifact id: '3fde522dc1b5e1f7dfdeb515be4c0bb4') in 0.020310 seconds 
========================================================================
Received Import Request.
  Time since last request: 0.000019 seconds.
  path: Assets/materials/Goal.mat
  artifactKey: Guid(fb083b676a18eb44ebdf47ee37b7c1bd) Importer(815301076,1909f56bfc062723c751e8b465ee728b)
Start importing Assets/materials/Goal.mat using Guid(fb083b676a18eb44ebdf47ee37b7c1bd) Importer(815301076,1909f56bfc062723c751e8b465ee728b)  -> (artifact id: '697e4575ba343d4f74cdf74f74b839d5') in 0.010677 seconds 
========================================================================
Received Import Request.
  Time since last request: 0.000015 seconds.
  path: Assets/materials/Rock.mat
  artifactKey: Guid(8208245bfac6d394998a69bc94f1ff81) Importer(815301076,1909f56bfc062723c751e8b465ee728b)
Start importing Assets/materials/Rock.mat using Guid(8208245bfac6d394998a69bc94f1ff81) Importer(815301076,1909f56bfc062723c751e8b465ee728b)  -> (artifact id: '3108e9876178567858f5d257cf828ade') in 0.019387 seconds 
========================================================================
Received Import Request.
  Time since last request: 7.209219 seconds.
  path: Assets/materials/tx_spikeFlower.png
  artifactKey: Guid(657544b5f18648542b380617007eebbe) Importer(815301076,1909f56bfc062723c751e8b465ee728b)
Start importing Assets/materials/tx_spikeFlower.png using Guid(657544b5f18648542b380617007eebbe) Importer(815301076,1909f56bfc062723c751e8b465ee728b)  -> (artifact id: '99b40a2e471847256a19ae2195f21a69') in 0.043768 seconds 
========================================================================
Received Import Request.
  Time since last request: 34.203662 seconds.
  path: Assets/Assets/_objSpikeFlower.fbx
  artifactKey: Guid(7cfbcc4a79abefa47a376c008d781eb3) Importer(815301076,1909f56bfc062723c751e8b465ee728b)
Start importing Assets/Assets/_objSpikeFlower.fbx using Guid(7cfbcc4a79abefa47a376c008d781eb3) Importer(815301076,1909f56bfc062723c751e8b465ee728b)  -> (artifact id: '0a27403527d5e956c0efa9d8369d621d') in 0.029899 seconds 
